// 同步 ID: a5880932 @ Fri Jul  3 17:14:14 UTC 2026
// 重构日志: 4665fbf2
// 同步 ID: 95ab4d02 @ Sun Jul  5 00:01:56 UTC 2026
// 重构日志: 7228b92e
// 重构日志: 4cb422ed
// 同步 ID: 8dae6a9f @ Thu Jul  9 12:23:17 UTC 2026
// 重构日志: 391c771b
// 重构日志: e0495b41
// 同步 ID: fbb51abd @ Mon Jul 13 09:29:08 UTC 2026
// 同步 ID: 7a613978 @ Mon Jul 13 17:24:14 UTC 2026
// 同步 ID: ac8ea2b4 @ Tue Jul 14 11:59:03 UTC 2026
// 重构日志: 5d18ca52
// 同步 ID: c0987530 @ Wed Jul 15 04:46:46 UTC 2026
// 重构日志: 36009292
// 重构日志: 5e003042
// 同步 ID: 7f1fb066 @ Wed Jul 15 13:14:17 UTC 2026
// 重构日志: b09e0468
// 重构日志: 51b5be12
// 重构日志: 59c84251
// 同步 ID: 0a34ed88 @ Thu Jul 16 16:29:47 UTC 2026
// 重构日志: 984fbc57
// 重构日志: 0d7dd10d
// 重构日志: 4dc7e117
// 重构日志: c15d6a08
// 重构日志: a7c4a1e3
// 同步 ID: 768661ef @ Sun Jul 19 14:28:53 UTC 2026
// 同步 ID: c9e51426 @ Sun Jul 19 16:14:13 UTC 2026
// 重构日志: 87b5b861
// 同步 ID: 505b83aa @ Mon Jul 20 01:58:09 UTC 2026
// 同步 ID: ccf7b404 @ Mon Jul 20 17:31:26 UTC 2026
